make all --print-data-base --no-builtin-variables --no-builtin-rules --question
# GNU Make 3.81
# Copyright (C) 2006  Free Software Foundation, Inc.
# This is free software; see the source for copying conditions.
# There is NO warranty; not even for MERCHANTABILITY or FITNESS FOR A
# PARTICULAR PURPOSE.

# This program built for i386-apple-darwin11.3.0
 

# Make data base, printed on Sat Aug  6 19:34:45 2022

# Variables

# automatic
<D = $(patsubst %/,%,$(dir $<))
 
# automatic
?F = $(notdir $?)
# automatic
?D = $(patsubst %/,%,$(dir $?))
# automatic
@D = $(patsubst %/,%,$(dir $@))
# automatic
@F = $(notdir $@)
# makefile
CURDIR := /Users/eric/software_development/projects/specnext-dev-template
# makefile
SHELL = /bin/sh
# environment
VSCODE_NLS_CONFIG = {"locale":"en-gb","availableLanguages":{},"_languagePackSupport":true}
# environment
_ = /usr/bin/make
# makefile (from `Makefile', line 1)
MAKEFILE_LIST :=  Makefile
# environment
__CFBundleIdentifier = com.microsoft.VSCode
# environment
INFOPATH = /opt/homebrew/share/info:
# environment
VSCODE_CWD = /
# environment
PATH = /opt/homebrew/bin:/opt/homebrew/sbin:/usr/local/bin:/usr/bin:/bin:/usr/sbin:/sbin
# makefile (from `Makefile', line 2)
SLD = ${NAME}.sld
# environment
ELECTRON_RUN_AS_NODE = 1
# default
.FEATURES := target-specific order-only second-expansion else-if archives jobserver check-symlink
# environment
SSH_AUTH_SOCK = /private/tmp/com.apple.launchd.mBAr6IEe5q/Listeners
# automatic
%F = $(notdir $%)
# makefile (from `Makefile', line 9)
SJASM_CMD_DOCKER = docker run -v "${PWD}":/code -w /code burma5have/sjasmplus sjasmplus
# makefile (from `Makefile', line 10)
SJASM_CMD_LOCAL = sjasmplus
# environment
PWD = /Users/eric/software_development/projects/specnext-dev-template
# environment
HOMEBREW_CELLAR = /opt/homebrew/Cellar
# environment
ORIGINAL_XDG_CURRENT_DESKTOP = undefined
# environment
MANPATH = /opt/homebrew/share/man::
# environment
VSCODE_AMD_ENTRYPOINT = vs/workbench/api/node/extensionHostProcess
# environment
HOME = /Users/eric
# makefile (from `Makefile', line 6)
OUTDIR := out
# default
MAKEFILEPATH = $(shell /usr/bin/xcode-select -print-path 2>/dev/null || echo /Developer)/Makefiles
# environment
VSCODE_CODE_CACHE_PATH = /Users/eric/Library/Application Support/Code/CachedData/da76f93349a72022ca4670c1b84860304616aaa2
# environment
LOGNAME = eric
# environment
APPLICATION_INSIGHTS_NO_DIAGNOSTIC_CHANNEL = true
# environment
VSCODE_HANDLES_UNCAUGHT_ERRORS = true
# automatic
^D = $(patsubst %/,%,$(dir $^))
# environment
XPC_FLAGS = 0x0
# default
MAKE = $(MAKE_COMMAND)
# default
MAKECMDGOALS := all
# makefile (from `Makefile', line 5)
SRCS := src/main.asm src/inc/foo.asm
# environment
SHLVL = 1
# default
MAKE_VERSION := 3.81
# environment
USER = eric
# makefile
.DEFAULT_GOAL := all
# makefile (from `Makefile', line 1)
NAME = shooting-game
# automatic
%D = $(patsubst %/,%,$(dir $%))
# makefile (from `Makefile', line 13)
SJASM_CMD = ${SJASM_CMD_DOCKER}
# default
MAKE_COMMAND := /Library/Developer/CommandLineTools/usr/bin/make
# default
.VARIABLES := 
# environment
TMPDIR = /var/folders/t7/rnzd93xd4_39pbk3znpn_fn40000gn/T/
# automatic
*F = $(notdir $*)
# environment
VSCODE_IPC_HOOK = /Users/eric/Library/Application Support/Code/1.70.0-main.sock
# environment
MallocNanoZone = 0
# makefile
MAKEFLAGS = Rrqp
# environment
MFLAGS = -Rrqp
# automatic
*D = $(patsubst %/,%,$(dir $*))
# environment
XPC_SERVICE_NAME = application.com.microsoft.VSCode.1573398.1573404
# environment
HOMEBREW_PREFIX = /opt/homebrew
# automatic
+D = $(patsubst %/,%,$(dir $+))
# automatic
+F = $(notdir $+)
 
# makefile (from `Makefile', line 3)
NEX = ${NAME}.nex
# environment
HOMEBREW_REPOSITORY = /opt/homebrew
# environment
__CF_USER_TEXT_ENCODING = 0x1F5:0:2
# environment
COMMAND_MODE = unix2003
# default
MAKEFILES := 
# automatic
<F = $(notdir $<)
# environment
LC_ALL = C
# makefile (from `Makefile', line 7)
OUT := shooting-game.nex
# automatic
^F = $(notdir $^)
# default
SUFFIXES := 
# environment
MAKELEVEL := 0
# environment
LANG = C
# environment
VSCODE_PID = 37223
# variable set hash-table stats:
# Load=71/1024=7%, Rehash=0, Collisions=1/110=1%

# Pattern-specific Variable Values

# No pattern-specific variable values.

# Directories

# src/main.asm (device 16777230, inode 1592213): could not be opened.
# . (device 16777230, inode 1592135): 9 files, no impossibilities.
# src/inc (device 16777230, inode 1592211): 3 files, no impossibilities.
# src (device 16777230, inode 1592210): 4 files, no impossibilities.

# 16 files, no impossibilities in 4 directories.

# Implicit Rules

# No implicit rules.

# Files

# Not a target:
src/main.asm:
#  Implicit rule search has been done.
#  Last modified 2022-08-06 09:31:22
 
#  File has been updated.
#  Successfully updated.
# variable set hash-table stats:
# Load=0/32=0%, Rehash=0, Collisions=0/0=0%

all: shooting-game.nex
#  Command-line target.
#  Implicit rule search has not been done.
#  File does not exist.
#  File has been updated.
#  Needs to be updated (-q is set).
# variable set hash-table stats:
# Load=0/32=0%, Rehash=0, Collisions=0/9=0%
#  commands to execute (from `Makefile', line 17):
	@echo ${SRCS}
	

# Not a target:
.SUFFIXES:
#  Implicit rule search has not been done.
#  Modification time never checked.
#  File has not been updated.

shooting-game.nex: src/main.asm src/inc/foo.asm out
#  Implicit rule search has not been done.
#  Implicit/static pattern stem: `'
#  File does not exist.
#  File has been updated.
#  Needs to be updated (-q is set).
# automatic
# @ := shooting-game.nex
# automatic
# % := 
# automatic
# * := 
# automatic
# + := src/main.asm src/inc/foo.asm out
# automatic
# | := 
# automatic
# < := src/main.asm
# automatic
# ^ := src/main.asm src/inc/foo.asm out
# automatic
# ? := src/main.asm src/inc/foo.asm out
# variable set hash-table stats:
# Load=8/32=25%, Rehash=0, Collisions=1/17=6%
#  commands to execute (from `Makefile', line 20):
	${SJASM_CMD} -D_NEXNAME_=${NEX} --sld=out/${SLD} \
	--fullpath --outprefix=./out/ src/main.asm
	

# Not a target:
Makefile:
#  Implicit rule search has been done.
#  Last modified 2022-08-06 19:34:43
#  File has been updated.
#  Successfully updated.
# variable set hash-table stats:
# Load=0/32=0%, Rehash=0, Collisions=0/0=0%

out:
#  Implicit rule search has not been done.
#  Last modified 2022-08-06 19:34:23
#  File has been updated.
#  Successfully updated.
#  commands to execute (from `Makefile', line 24):
	mkdir out
	

# Not a target:
src/inc/foo.asm:
#  Implicit rule search has been done.
#  Last modified 2022-08-06 09:31:22
#  File has been updated.
#  Successfully updated.
# variable set hash-table stats:
# Load=0/32=0%, Rehash=0, Collisions=0/0=0%

# Not a target:
.DEFAULT:
#  Implicit rule search has not been done.
#  Modification time never checked.
#  File has not been updated.

clean:
#  Implicit rule search has not been done.
#  Modification time never checked.
#  File has not been updated.
#  commands to execute (from `Makefile', line 27):
	rm -rf ${OUTDIR}
	

# files hash-table stats:
# Load=9/1024=1%, Rehash=0, Collisions=0/27=0%
# VPATH Search Paths

# No `vpath' search paths.

# No general (`VPATH' variable) search path.

# # of strings in strcache: 1
# # of strcache buffers: 1
# strcache size: total = 4096 / max = 4096 / min = 4096 / avg = 4096
# strcache free: total = 4087 / max = 4087 / min = 4087 / avg = 4087

# Finished Make data base on Sat Aug  6 19:34:45 2022

 
